[18:43:19:123] [92425:92428] [WARN][com.freerdp.crypto] - Certificate verification failure 'self-signed certificate (18)' at stack position 0
[18:43:19:123] [92425:92428] [WARN][com.freerdp.crypto] - CN = w10lg
[18:43:20:428] [92425:92428] [INFO][com.freerdp.gdi] - Local framebuffer format  PIXEL_FORMAT_BGRX32
[18:43:20:428] [92425:92428] [INFO][com.freerdp.gdi] - Remote framebuffer format PIXEL_FORMAT_BGRA32
[18:43:20:443] [92425:92428] [INFO][com.freerdp.channels.rdpsnd.client] - [static] Loaded fake backend for rdpsnd
[18:43:20:443] [92425:92428] [INFO][com.freerdp.channels.drdynvc.client] - Loading Dynamic Virtual Channel rdpgfx
[18:43:20:443] [92425:92428] [INFO][com.freerdp.channels.drdynvc.client] - Loading[19:56:33:737] [92425:92484] [WARN][com.freerdp.client.x11] - failed to get clipboard data in format text/uri-list [source format FileGroupDescriptorW]
[19:56:33:748] [92425:92484] [WARN][com.freerdp.client.x11] - failed to get clipboard data in format text/uri-list [source format FileGroupDescriptorW]
[19:56:33:814] [92425:92484] [WARN][com.freerdp.client.x11] - failed to get clipboard data in format text/uri-list [source format FileGroupDescriptorW]
[19:56:34:971] [92425:92484] [WARN][com.freerdp.client.x11] - failed to get clipboard data in format text/uri-list [source format FileGroupDescriptorW]
[19:56:34:321] [92425:92484] [WARN][com.freerdp.client.x11] - failed to get clipboard data in format text/uri-list [source format FileGroupDescriptorW]
[19:58:16:007] [92425:92484] [WARN][com.freerdp.client.x11] - failed to get clipboard data in format text/uri-list [source format FileGroupDescriptorW]
[19:58:16:069] [92425:92484] [WARN][com.freerdp.client.x11] - failed to get clipboard data in format text/uri-list [source format FileGroupDescriptorW]
[19:58:16:231] [92425:92484] [WARN][com.freerdp.client.x11] - failed to get clipboard data in format text/uri-list [source format FileGroupDescriptorW]
[19:58:16:618] [92425:92484] [WARN][com.freerdp.client.x11] - failed to get clipboard data in format text/uri-list [source format FileGroupDescriptorW]
[20:01:32:232] [92425:92484] [WARN][com.freerdp.client.x11] - failed to get clipboard data in format UTF8_STRING [source format CF_UNICODETEXT]
[20:01:32:234] [92425:92484] [WARN][com.freerdp.client.x11] - failed to get clipboard data in format UTF8_STRING [source format CF_UNICODETEXT]
[20:01:32:250] [92425:92484] [WARN][com.freerdp.client.x11] - failed to get clipboard data in format UTF8_STRING [source format CF_UNICODETEXT]
[20:01:32:319] [92425:92484] [WARN][com.freerdp.client.x11] - failed to get clipboard data in format UTF8_STRING [source format CF_UNICODETEXT]
[20:01:32:480] [92425:92484] [WARN][com.freerdp.client.x11] - failed to get clipboard data in format UTF8_STRING [source format CF_UNICODETEXT]
[20:01:33:863] [92425:92484] [WARN][com.freerdp.client.x11] - failed to get clipboard data in format UTF8_STRING [source format CF_UNICODETEXT]
[20:02:50:507] [92425:92484] [WARN][com.freerdp.client.x11] - failed to get clipboard data in format text/uri-list [source format FileGroupDescriptorW]
[20:02:50:510] [92425:92484] [WARN][com.freerdp.client.x11] - failed to get clipboard data in format text/uri-list [source format FileGroupDescriptorW]
[20:02:50:526] [92425:92484] [WARN][com.freerdp.client.x11] - failed to get clipboard data in format text/uri-list [source format FileGroupDescriptorW]
[20:02:50:592] [92425:92484] [WARN][com.freerdp.client.x11] - failed to get clipboard data in format text/uri-list [source format FileGroupDescriptorW]
[20:02:50:767] [92425:92484] [WARN][com.freerdp.client.x11] - failed to get clipboard data in format text/uri-list [source format FileGroupDescriptorW]
[20:02:51:120] [92425:92484] [WARN][com.freerdp.client.x11] - failed to get clipboard data in format text/uri-list [source format FileGroupDescriptorW]
[20:03:58:140] [92425:92484] [WARN][com.freerdp.client.x11] - failed to get clipboard data in format text/uri-list [source format FileGroupDescriptorW]
[20:03:58:144] [92425:92484] [WARN][com.freerdp.client.x11] - failed to get clipboard data in format text/uri-list [source format FileGroupDescriptorW]
[20:03:58:157] [92425:92484] [WARN][com.freerdp.client.x11] - failed to get clipboard data in format text/uri-list [source format FileGroupDescriptorW]
[20:03:58:225] [92425:92484] [WARN][com.freerdp.client.x11] - failed to get clipboard data in format text/uri-list [source format FileGroupDescriptorW]
[20:03:58:380] [92425:92484] [WARN][com.freerdp.client.x11] - failed to get clipboard data in format text/uri-list [source format FileGroupDescriptorW]
[20:03:58:766] [92425:92484] [WARN][com.freerdp.client.x11] - failed to get clipboard data in format text/uri-list [source format FileGroupDescriptorW]
[22:34:38:168] [92425:92428] [ERROR][com.freerdp.core.transport] - BIO_read returned a system error 110: Connection timed out
[22:34:38:168] [92425:92428] [ERROR][com.freerdp.core] - transport_read_layer:freerdp_set_last_error_ex ERRCONNECT_CONNECT_TRANSPORT_FAILED [0x0002000D]
 Dynamic Virtual Channel disp
[22:34:38:168] [92425:92428] [INFO][com.freerdp.client.common] - Network disconnect!
[22:35:18:113] [148789:148791] [ERROR][com.freerdp.core] - freerdp_tcp_connect:freerdp_set_last_error_ex ERRCONNECT_CONNECT_FAILED [0x00020006]
[22:35:18:113] [148789:148791] [ERROR][com.freerdp.core] - failed to connect to 10.5.4.73
[23:10:47:155] [158757:158759] [WARN][com.freerdp.crypto] - Certificate verification failure 'self-signed certificate (18)' at stack position 0
[23:10:47:156] [158757:158759] [WARN][com.freerdp.crypto] - CN = w10lg
XIO:  fatal IO error 104 (Connection reset by peer) on X server ":0"
      after 289607 requests (289604 known processed) with 0 events remaining.
[23:10:48:458] [158757:158759] [INFO][com.freerdp.gdi] - Local framebuffer format  PIXEL_FORMAT_BGRX32
[23:10:48:458] [158757:158759] [INFO][com.freerdp.gdi] - Remote framebuffer format PIXEL_FORMAT_BGRA32
[23:10:48:463] [158757:158759] [INFO][com.freerdp.channels.rdpsnd.client] - [static] Loaded fake backend for rdpsnd
[23:10:48:463] [158757:158759] [INFO][com.freerdp.channels.drdynvc.client] - Loading Dynamic Virtual Channel rdpgfx
[23:10:48:463] [158757:158759] [INFO][com.freerdp.channels.drdynvc.client] - Loading Dynamic Virtual Channel disp
[23:10:49:804] [158757:158759] [INFO][com.freerdp.client.x11] - Logon Error Info LOGON_FAILED_OTHER [LOGON_MSG_SESSION_CONTINUE]
